<?xml version="1.0" encoding="UTF-8"?>
<!-- Generated by org.testng.reporters.JUnitXMLReporter -->
<testsuite ignored="2" hostname="DESKTOP-OSG43F4" failures="0" tests="1" name="Default test" time="3.954" errors="0" timestamp="2022-06-07T13:49:21 SGT">
  <testcase classname="testcases.SauceDemoLoginTestClass" name="ExcelDataTest" time="0.353"/>
  <testcase classname="testcases.SauceDemoLoginTestClass" name="LoginFailureTest" time="0.0">
    <ignored/>
  </testcase> <!-- LoginFailureTest -->
  <testcase classname="testcases.SauceDemoLoginTestClass" name="parameterizedTest" time="0.0">
    <ignored/>
  </testcase> <!-- parameterizedTest -->
</testsuite> <!-- Default test -->
