<?xml version="1.0" encoding="UTF-8"?>
<!-- Generated by org.testng.reporters.JUnitXMLReporter -->
<testsuite ignored="0" hostname="DESKTOP-OSG43F4" failures="0" tests="3" name="Test" time="8.76" errors="0" timestamp="2022-06-07T14:05:42 SGT">
  <testcase classname="testcases.SauceDemoLoginTestClass" name="ExcelDataTest" time="0.448"/>
  <testcase classname="testcases.SauceDemoLoginTestClass" name="LoginFailureTest" time="0.365"/>
  <testcase classname="testcases.SauceDemoLoginTestClass" name="parameterizedTest" time="0.375"/>
</testsuite> <!-- Test -->
