<?xml version="1.0" encoding="UTF-8"?>
<!-- Generated by org.testng.reporters.JUnitXMLReporter -->
<testsuite hostname="DESKTOP-OSG43F4" ignored="0" name="Test" tests="3" failures="0" timestamp="2022-06-07T14:07:31 SGT" time="10.98" errors="0">
  <testcase name="ExcelDataTest" time="0.435" classname="testcases.SauceDemoLoginTestClass"/>
  <testcase name="LoginFailureTest" time="0.393" classname="testcases.SauceDemoLoginTestClass"/>
  <testcase name="parameterizedTest" time="0.482" classname="testcases.SauceDemoLoginTestClass"/>
</testsuite> <!-- Test -->
