<?xml version="1.0" encoding="UTF-8"?>
<testng-results skipped="0" failed="0" ignored="0" total="3" passed="3">
  <reporter-output>
  </reporter-output>
  <suite name="Suite" duration-ms="10980" started-at="2022-06-07T14:07:20 SGT" finished-at="2022-06-07T14:07:31 SGT">
    <groups>
    </groups>
    <test name="Test" duration-ms="10980" started-at="2022-06-07T14:07:20 SGT" finished-at="2022-06-07T14:07:31 SGT">
      <class name="testcases.SauceDemoLoginTestClass">
        <test-method status="PASS" signature="DataSetUp()[pri:0, instance:testcases.SauceDemoLoginTestClass@52feb982]" name="DataSetUp" is-config="true" duration-ms="548" started-at="2022-06-07T14:07:20 SGT" finished-at="2022-06-07T14:07:21 SGT">
          <reporter-output>
          </reporter-output>
        </test-method> <!-- DataSetUp -->
        <test-method status="PASS" signature="SetUp()[pri:0, instance:testcases.SauceDemoLoginTestClass@52feb982]" name="SetUp" is-config="true" duration-ms="2748" started-at="2022-06-07T14:07:21 SGT" finished-at="2022-06-07T14:07:23 SGT">
          <reporter-output>
          </reporter-output>
        </test-method> <!-- SetUp -->
        <test-method status="PASS" signature="ExcelDataTest()[pri:0, instance:testcases.SauceDemoLoginTestClass@52feb982]" name="ExcelDataTest" duration-ms="435" started-at="2022-06-07T14:07:23 SGT" finished-at="2022-06-07T14:07:24 SGT">
          <reporter-output>
          </reporter-output>
        </test-method> <!-- ExcelDataTest -->
        <test-method status="PASS" signature="TearDown()[pri:0, instance:testcases.SauceDemoLoginTestClass@52feb982]" name="TearDown" is-config="true" duration-ms="697" started-at="2022-06-07T14:07:24 SGT" finished-at="2022-06-07T14:07:25 SGT">
          <reporter-output>
          </reporter-output>
        </test-method> <!-- TearDown -->
        <test-method status="PASS" signature="SetUp()[pri:0, instance:testcases.SauceDemoLoginTestClass@52feb982]" name="SetUp" is-config="true" duration-ms="2066" started-at="2022-06-07T14:07:25 SGT" finished-at="2022-06-07T14:07:27 SGT">
          <reporter-output>
          </reporter-output>
        </test-method> <!-- SetUp -->
        <test-method status="PASS" signature="LoginFailureTest()[pri:0, instance:testcases.SauceDemoLoginTestClass@52feb982]" name="LoginFailureTest" duration-ms="393" started-at="2022-06-07T14:07:27 SGT" finished-at="2022-06-07T14:07:27 SGT">
          <reporter-output>
          </reporter-output>
        </test-method> <!-- LoginFailureTest -->
        <test-method status="PASS" signature="TearDown()[pri:0, instance:testcases.SauceDemoLoginTestClass@52feb982]" name="TearDown" is-config="true" duration-ms="782" started-at="2022-06-07T14:07:27 SGT" finished-at="2022-06-07T14:07:28 SGT">
          <reporter-output>
          </reporter-output>
        </test-method> <!-- TearDown -->
        <test-method status="PASS" signature="SetUp()[pri:0, instance:testcases.SauceDemoLoginTestClass@52feb982]" name="SetUp" is-config="true" duration-ms="1754" started-at="2022-06-07T14:07:28 SGT" finished-at="2022-06-07T14:07:30 SGT">
          <reporter-output>
          </reporter-output>
        </test-method> <!-- SetUp -->
        <test-method status="PASS" signature="parameterizedTest(java.lang.String,java.lang.String)[pri:0, instance:testcases.SauceDemoLoginTestClass@52feb982]" name="parameterizedTest" duration-ms="482" started-at="2022-06-07T14:07:30 SGT" finished-at="2022-06-07T14:07:30 SGT">
          <params>
            <param index="0">
              <value>
                <![CDATA[standard_user]]>
              </value>
            </param>
            <param index="1">
              <value>
                <![CDATA[secret_sauce]]>
              </value>
            </param>
          </params>
          <reporter-output>
          </reporter-output>
        </test-method> <!-- parameterizedTest -->
        <test-method status="PASS" signature="TearDown()[pri:0, instance:testcases.SauceDemoLoginTestClass@52feb982]" name="TearDown" is-config="true" duration-ms="743" started-at="2022-06-07T14:07:30 SGT" finished-at="2022-06-07T14:07:31 SGT">
          <reporter-output>
          </reporter-output>
        </test-method> <!-- TearDown -->
        <test-method status="PASS" signature="DataTearDown()[pri:0, instance:testcases.SauceDemoLoginTestClass@52feb982]" name="DataTearDown" is-config="true" duration-ms="291" started-at="2022-06-07T14:07:31 SGT" finished-at="2022-06-07T14:07:31 SGT">
          <reporter-output>
          </reporter-output>
        </test-method> <!-- DataTearDown -->
      </class> <!-- testcases.SauceDemoLoginTestClass -->
    </test> <!-- Test -->
  </suite> <!-- Suite -->
</testng-results>
