<?xml version="1.0" encoding="UTF-8"?>
<testng-results ignored="0" total="3" passed="3" failed="0" skipped="0">
  <reporter-output>
  </reporter-output>
  <suite started-at="2022-06-07T14:05:34 SGT" name="Suite" finished-at="2022-06-07T14:05:42 SGT" duration-ms="8760">
    <groups>
    </groups>
    <test started-at="2022-06-07T14:05:34 SGT" name="Test" finished-at="2022-06-07T14:05:42 SGT" duration-ms="8760">
      <class name="testcases.SauceDemoLoginTestClass">
        <test-method is-config="true" signature="DataSetUp()[pri:0, instance:testcases.SauceDemoLoginTestClass@2ed2d9cb]" started-at="2022-06-07T14:05:34 SGT" name="DataSetUp" finished-at="2022-06-07T14:05:34 SGT" duration-ms="635" status="PASS">
          <reporter-output>
          </reporter-output>
        </test-method> <!-- DataSetUp -->
        <test-method is-config="true" signature="SetUp()[pri:0, instance:testcases.SauceDemoLoginTestClass@2ed2d9cb]" started-at="2022-06-07T14:05:34 SGT" name="SetUp" finished-at="2022-06-07T14:05:37 SGT" duration-ms="2662" status="PASS">
          <reporter-output>
          </reporter-output>
        </test-method> <!-- SetUp -->
        <test-method signature="ExcelDataTest()[pri:0, instance:testcases.SauceDemoLoginTestClass@2ed2d9cb]" started-at="2022-06-07T14:05:37 SGT" name="ExcelDataTest" finished-at="2022-06-07T14:05:37 SGT" duration-ms="448" status="PASS">
          <reporter-output>
          </reporter-output>
        </test-method> <!-- ExcelDataTest -->
        <test-method is-config="true" signature="TearDown()[pri:0, instance:testcases.SauceDemoLoginTestClass@2ed2d9cb]" started-at="2022-06-07T14:05:37 SGT" name="TearDown" finished-at="2022-06-07T14:05:38 SGT" duration-ms="366" status="PASS">
          <reporter-output>
          </reporter-output>
        </test-method> <!-- TearDown -->
        <test-method is-config="true" signature="SetUp()[pri:0, instance:testcases.SauceDemoLoginTestClass@2ed2d9cb]" started-at="2022-06-07T14:05:38 SGT" name="SetUp" finished-at="2022-06-07T14:05:39 SGT" duration-ms="1523" status="PASS">
          <reporter-output>
          </reporter-output>
        </test-method> <!-- SetUp -->
        <test-method signature="LoginFailureTest()[pri:0, instance:testcases.SauceDemoLoginTestClass@2ed2d9cb]" started-at="2022-06-07T14:05:39 SGT" name="LoginFailureTest" finished-at="2022-06-07T14:05:40 SGT" duration-ms="365" status="PASS">
          <reporter-output>
          </reporter-output>
        </test-method> <!-- LoginFailureTest -->
        <test-method is-config="true" signature="TearDown()[pri:0, instance:testcases.SauceDemoLoginTestClass@2ed2d9cb]" started-at="2022-06-07T14:05:40 SGT" name="TearDown" finished-at="2022-06-07T14:05:40 SGT" duration-ms="218" status="PASS">
          <reporter-output>
          </reporter-output>
        </test-method> <!-- TearDown -->
        <test-method is-config="true" signature="SetUp()[pri:0, instance:testcases.SauceDemoLoginTestClass@2ed2d9cb]" started-at="2022-06-07T14:05:40 SGT" name="SetUp" finished-at="2022-06-07T14:05:41 SGT" duration-ms="1603" status="PASS">
          <reporter-output>
          </reporter-output>
        </test-method> <!-- SetUp -->
        <test-method signature="parameterizedTest(java.lang.String,java.lang.String)[pri:0, instance:testcases.SauceDemoLoginTestClass@2ed2d9cb]" started-at="2022-06-07T14:05:41 SGT" name="parameterizedTest" finished-at="2022-06-07T14:05:42 SGT" duration-ms="375" status="PASS">
          <params>
            <param index="0">
              <value>
                <![CDATA[standard_user]]>
              </value>
            </param>
            <param index="1">
              <value>
                <![CDATA[secret_sauce]]>
              </value>
            </param>
          </params>
          <reporter-output>
          </reporter-output>
        </test-method> <!-- parameterizedTest -->
        <test-method is-config="true" signature="TearDown()[pri:0, instance:testcases.SauceDemoLoginTestClass@2ed2d9cb]" started-at="2022-06-07T14:05:42 SGT" name="TearDown" finished-at="2022-06-07T14:05:42 SGT" duration-ms="261" status="PASS">
          <reporter-output>
          </reporter-output>
        </test-method> <!-- TearDown -->
        <test-method is-config="true" signature="DataTearDown()[pri:0, instance:testcases.SauceDemoLoginTestClass@2ed2d9cb]" started-at="2022-06-07T14:05:42 SGT" name="DataTearDown" finished-at="2022-06-07T14:05:42 SGT" duration-ms="256" status="PASS">
          <reporter-output>
          </reporter-output>
        </test-method> <!-- DataTearDown -->
      </class> <!-- testcases.SauceDemoLoginTestClass -->
    </test> <!-- Test -->
  </suite> <!-- Suite -->
</testng-results>
